#
# There is insufficient memory for the Java Runtime Environment to continue.
# Native memory allocation (malloc) failed to allocate 262160 bytes for Chunk::new
# Possible reasons:
#   The system is out of physical RAM or swap space
#   In 32 bit mode, the process size limit was hit
# Possible solutions:
#   Reduce memory load on the system
#   Increase physical memory or swap space
#   Check if swap backing store is full
#   Use 64 bit Java on a 64 bit OS
#   Decrease Java heap size (-Xmx/-Xms)
#   Decrease number of Java threads
#   Decrease Java thread stack sizes (-Xss)
#   Set larger code cache with -XX:ReservedCodeCacheSize=
# This output file may be truncated or incomplete.
#
#  Out of Memory Error (allocation.cpp:390), pid=16416, tid=0x0000000000003a90
#
# JRE version: Java(TM) SE Runtime Environment (8.0_171-b11) (build 1.8.0_171-b11)
# Java VM: Java HotSpot(TM) 64-Bit Server VM (25.171-b11 mixed mode windows-amd64 compressed oops)
# Failed to write core dump. Minidumps are not enabled by default on client versions of Windows
#

---------------  T H R E A D  ---------------

Current thread (0x000000001c655000):  JavaThread "C2 CompilerThread1" daemon [_thread_in_native, id=14992, stack(0x000000001ddc0000,0x000000001dec0000)]

Stack: [0x000000001ddc0000,0x000000001dec0000]
[error occurred during error reporting (printing stack bounds), id 0xc0000005]

Native frames: (J=compiled Java code, j=interpreted, Vv=VM code, C=native code)


Current CompileTask:
C2:   7794 3117   !   4       java.net.URLClassLoader$1::run (63 bytes)


---------------  P R O C E S S  ---------------

Java Threads: ( => current thread )
  0x000000001dfea800 JavaThread "Service Thread" daemon [_thread_blocked, id=6460, stack(0x000000001e3c0000,0x000000001e4c0000)]
  0x000000001c65c800 JavaThread "C1 CompilerThread2" daemon [_thread_blocked, id=1012, stack(0x000000001dec0000,0x000000001dfc0000)]
=>0x000000001c655000 JavaThread "C2 CompilerThread1" daemon [_thread_in_native, id=14992, stack(0x000000001ddc0000,0x000000001dec0000)]
  0x000000001c650000 JavaThread "C2 CompilerThread0" daemon [_thread_in_native, id=16720, stack(0x000000001dcc0000,0x000000001ddc0000)]
  0x000000001c64b000 JavaThread "Attach Listener" daemon [_thread_blocked, id=11904, stack(0x000000001dbc0000,0x000000001dcc0000)]
  0x000000001c64a000 JavaThread "Signal Dispatcher" daemon [_thread_blocked, id=10464, stack(0x000000001dac0000,0x000000001dbc0000)]
  0x0000000002efc800 JavaThread "Finalizer" daemon [_thread_blocked, id=15204, stack(0x000000001d8b0000,0x000000001d9b0000)]
  0x0000000002ef1000 JavaThread "Reference Handler" daemon [_thread_blocked, id=19488, stack(0x000000001d7b0000,0x000000001d8b0000)]
  0x00000000031ee800 JavaThread "main" [_thread_in_native, id=19920, stack(0x00000000014e0000,0x00000000015e0000)]

Other Threads:
  0x000000001c617800 VMThread [stack: 0x000000001d6b0000,0x000000001d7b0000] [id=14892]
  0x000000001dfec000 WatcherThread [stack: 0x000000001e4c0000,0x000000001e5c0000] [id=12644]

VM state:not at safepoint (normal execution)

VM Mutex/Monitor currently owned by a thread: None

Heap:
 PSYoungGen      total 140800K, used 60747K [0x000000076b780000, 0x0000000774b80000, 0x00000007c0000000)
  eden space 130048K, 38% used [0x000000076b780000,0x000000076e856f18,0x0000000773680000)
  from space 10752K, 99% used [0x0000000774100000,0x0000000774b7c030,0x0000000774b80000)
  to   space 10752K, 0% used [0x0000000773680000,0x0000000773680000,0x0000000774100000)
 ParOldGen       total 173568K, used 3192K [0x00000006c2600000, 0x00000006ccf80000, 0x000000076b780000)
  object space 173568K, 1% used [0x00000006c2600000,0x00000006c291e148,0x00000006ccf80000)
 Metaspace       used 18092K, capacity 18528K, committed 18688K, reserved 1064960K
  class space    used 2168K, capacity 2294K, committed 2304K, reserved 1048576K

Card table byte_map: [0x00000000125b0000,0x0000000012da0000] byte_map_base: 0x000000000ef9d000

Marking Bits: (ParMarkBitMap*) 0x000000006cda08c0
 Begin Bits: [0x00000000135f0000, 0x0000000017558000)
 End Bits:   [0x0000000017558000, 0x000000001b4c0000)

Polling page: 0x0000000001330000

CodeCache: size=245760Kb used=11728Kb max_used=11759Kb free=234031Kb
 bounds [0x00000000031f0000, 0x0000000003d80000, 0x00000000121f0000]
 total_blobs=3462 nmethods=3108 adapters=266
 compilation: enabled

Compilation events (10 events):
Event: 7.558 Thread 0x000000001c655000 nmethod 3034 0x0000000003d69410 code [0x0000000003d69900, 0x0000000003d700c0]
Event: 7.558 Thread 0x000000001c655000 3117   !   4       java.net.URLClassLoader$1::run (63 bytes)
Event: 7.561 Thread 0x000000001c65c800 3126   !   3       java.util.zip.Inflater::end (50 bytes)
Event: 7.561 Thread 0x000000001c65c800 nmethod 3126 0x0000000003d58c50 code [0x0000000003d58de0, 0x0000000003d59288]
Event: 7.571 Thread 0x000000001c65c800 3127       3       java.util.jar.Manifest$FastInputStream::fill (38 bytes)
Event: 7.571 Thread 0x000000001c65c800 nmethod 3127 0x0000000003d68f50 code [0x0000000003d690c0, 0x0000000003d69348]
Event: 7.610 Thread 0x000000001c65c800 3128       3       java.util.jar.Manifest$FastInputStream::readLine (167 bytes)
Event: 7.611 Thread 0x000000001c65c800 nmethod 3128 0x0000000003d684d0 code [0x0000000003d68680, 0x0000000003d68c58]
Event: 7.638 Thread 0x000000001c65c800 3130       1       com.sun.tools.javac.file.Locations::access$500 (5 bytes)
Event: 7.638 Thread 0x000000001c65c800 nmethod 3130 0x0000000003d68210 code [0x0000000003d68360, 0x0000000003d68450]

GC Heap History (8 events):
Event: 2.493 GC heap before
{Heap before GC invocations=1 (full 0):
 PSYoungGen      total 75776K, used 65024K [0x000000076b780000, 0x0000000770c00000, 0x00000007c0000000)
  eden space 65024K, 100% used [0x000000076b780000,0x000000076f700000,0x000000076f700000)
  from space 10752K, 0% used [0x0000000770180000,0x0000000770180000,0x0000000770c00000)
  to   space 10752K, 0% used [0x000000076f700000,0x000000076f700000,0x0000000770180000)
 ParOldGen       total 173568K, used 0K [0x00000006c2600000, 0x00000006ccf80000, 0x000000076b780000)
  object space 173568K, 0% used [0x00000006c2600000,0x00000006c2600000,0x00000006ccf80000)
 Metaspace       used 11983K, capacity 12228K, committed 12416K, reserved 1060864K
  class space    used 1476K, capacity 1541K, committed 1664K, reserved 1048576K
Event: 2.505 GC heap after
Heap after GC invocations=1 (full 0):
 PSYoungGen      total 75776K, used 10175K [0x000000076b780000, 0x0000000770c00000, 0x00000007c0000000)
  eden space 65024K, 0% used [0x000000076b780000,0x000000076b780000,0x000000076f700000)
  from space 10752K, 94% used [0x000000076f700000,0x00000007700effc8,0x0000000770180000)
  to   space 10752K, 0% used [0x0000000770180000,0x0000000770180000,0x0000000770c00000)
 ParOldGen       total 173568K, used 8K [0x00000006c2600000, 0x00000006ccf80000, 0x000000076b780000)
  object space 173568K, 0% used [0x00000006c2600000,0x00000006c2602000,0x00000006ccf80000)
 Metaspace       used 11983K, capacity 12228K, committed 12416K, reserved 1060864K
  class space    used 1476K, capacity 1541K, committed 1664K, reserved 1048576K
}
Event: 3.301 GC heap before
{Heap before GC invocations=2 (full 0):
 PSYoungGen      total 75776K, used 75199K [0x000000076b780000, 0x0000000770c00000, 0x00000007c0000000)
  eden space 65024K, 100% used [0x000000076b780000,0x000000076f700000,0x000000076f700000)
  from space 10752K, 94% used [0x000000076f700000,0x00000007700effc8,0x0000000770180000)
  to   space 10752K, 0% used [0x0000000770180000,0x0000000770180000,0x0000000770c00000)
 ParOldGen       total 173568K, used 8K [0x00000006c2600000, 0x00000006ccf80000, 0x000000076b780000)
  object space 173568K, 0% used [0x00000006c2600000,0x00000006c2602000,0x00000006ccf80000)
 Metaspace       used 12726K, capacity 13032K, committed 13184K, reserved 1060864K
  class space    used 1537K, capacity 1616K, committed 1664K, reserved 1048576K
Event: 3.320 GC heap after
Heap after GC invocations=2 (full 0):
 PSYoungGen      total 75776K, used 8099K [0x000000076b780000, 0x0000000774b80000, 0x00000007c0000000)
  eden space 65024K, 0% used [0x000000076b780000,0x000000076b780000,0x000000076f700000)
  from space 10752K, 75% used [0x0000000770180000,0x0000000770968c28,0x0000000770c00000)
  to   space 10752K, 0% used [0x000000076f700000,0x000000076f700000,0x0000000770180000)
 ParOldGen       total 173568K, used 8K [0x00000006c2600000, 0x00000006ccf80000, 0x000000076b780000)
  object space 173568K, 0% used [0x00000006c2600000,0x00000006c2602000,0x00000006ccf80000)
 Metaspace       used 12726K, capacity 13032K, committed 13184K, reserved 1060864K
  class space    used 1537K, capacity 1616K, committed 1664K, reserved 1048576K
}
Event: 4.430 GC heap before
{Heap before GC invocations=3 (full 0):
 PSYoungGen      total 75776K, used 73123K [0x000000076b780000, 0x0000000774b80000, 0x00000007c0000000)
  eden space 65024K, 100% used [0x000000076b780000,0x000000076f700000,0x000000076f700000)
  from space 10752K, 75% used [0x0000000770180000,0x0000000770968c28,0x0000000770c00000)
  to   space 10752K, 0% used [0x000000076f700000,0x000000076f700000,0x0000000770180000)
 ParOldGen       total 173568K, used 8K [0x00000006c2600000, 0x00000006ccf80000, 0x000000076b780000)
  object space 173568K, 0% used [0x00000006c2600000,0x00000006c2602000,0x00000006ccf80000)
 Metaspace       used 13325K, capacity 13574K, committed 13696K, reserved 1060864K
  class space    used 1558K, capacity 1621K, committed 1664K, reserved 1048576K
Event: 4.441 GC heap after
Heap after GC invocations=3 (full 0):
 PSYoungGen      total 75776K, used 10384K [0x000000076b780000, 0x0000000774b80000, 0x00000007c0000000)
  eden space 65024K, 0% used [0x000000076b780000,0x000000076b780000,0x000000076f700000)
  from space 10752K, 96% used [0x000000076f700000,0x0000000770124010,0x0000000770180000)
  to   space 10752K, 0% used [0x0000000774100000,0x0000000774100000,0x0000000774b80000)
 ParOldGen       total 173568K, used 24K [0x00000006c2600000, 0x00000006ccf80000, 0x000000076b780000)
  object space 173568K, 0% used [0x00000006c2600000,0x00000006c2606000,0x00000006ccf80000)
 Metaspace       used 13325K, capacity 13574K, committed 13696K, reserved 1060864K
  class space    used 1558K, capacity 1621K, committed 1664K, reserved 1048576K
}
Event: 5.835 GC heap before
{Heap before GC invocations=4 (full 0):
 PSYoungGen      total 75776K, used 75408K [0x000000076b780000, 0x0000000774b80000, 0x00000007c0000000)
  eden space 65024K, 100% used [0x000000076b780000,0x000000076f700000,0x000000076f700000)
  from space 10752K, 96% used [0x000000076f700000,0x0000000770124010,0x0000000770180000)
  to   space 10752K, 0% used [0x0000000774100000,0x0000000774100000,0x0000000774b80000)
 ParOldGen       total 173568K, used 24K [0x00000006c2600000, 0x00000006ccf80000, 0x000000076b780000)
  object space 173568K, 0% used [0x00000006c2600000,0x00000006c2606000,0x00000006ccf80000)
 Metaspace       used 14660K, capacity 15020K, committed 15232K, reserved 1062912K
  class space    used 1699K, capacity 1806K, committed 1920K, reserved 1048576K
Event: 5.863 GC heap after
Heap after GC invocations=4 (full 0):
 PSYoungGen      total 140800K, used 10736K [0x000000076b780000, 0x0000000774b80000, 0x00000007c0000000)
  eden space 130048K, 0% used [0x000000076b780000,0x000000076b780000,0x0000000773680000)
  from space 10752K, 99% used [0x0000000774100000,0x0000000774b7c030,0x0000000774b80000)
  to   space 10752K, 0% used [0x0000000773680000,0x0000000773680000,0x0000000774100000)
 ParOldGen       total 173568K, used 3192K [0x00000006c2600000, 0x00000006ccf80000, 0x000000076b780000)
  object space 173568K, 1% used [0x00000006c2600000,0x00000006c291e148,0x00000006ccf80000)
 Metaspace       used 14660K, capacity 15020K, committed 15232K, reserved 1062912K
  class space    used 1699K, capacity 1806K, committed 1920K, reserved 1048576K
}

Deoptimization events (10 events):
Event: 3.984 Thread 0x00000000031ee800 Uncommon trap: reason=bimorphic action=maybe_recompile pc=0x000000000366b2cc method=java.util.concurrent.ConcurrentHashMap.get(Ljava/lang/Object;)Ljava/lang/Object; @ 149
Event: 3.992 Thread 0x00000000031ee800 Uncommon trap: reason=bimorphic action=maybe_recompile pc=0x000000000366b2cc method=java.util.concurrent.ConcurrentHashMap.get(Ljava/lang/Object;)Ljava/lang/Object; @ 149
Event: 4.139 Thread 0x00000000031ee800 Uncommon trap: reason=null_check action=make_not_entrant pc=0x0000000003a4df1c method=org.apache.maven.model.validation.DefaultModelValidator.validateEffectiveDependency(Lorg/apache/maven/model/building/ModelProblemCollector;Lorg/apache/maven/model/Depend
Event: 4.421 Thread 0x00000000031ee800 Uncommon trap: reason=unstable_if action=reinterpret pc=0x0000000003ae2fdc method=org.codehaus.plexus.util.xml.pull.MXParser.parseAttribute()C @ 983
Event: 4.770 Thread 0x00000000031ee800 Uncommon trap: reason=unstable_if action=reinterpret pc=0x0000000003ade180 method=org.codehaus.plexus.util.StringUtils.isNotEmpty(Ljava/lang/String;)Z @ 8
Event: 4.925 Thread 0x00000000031ee800 Uncommon trap: reason=unstable_if action=reinterpret pc=0x0000000003a155c4 method=org.sonatype.guice.bean.locators.RankedBindings$Itr.hasNext()Z @ 60
Event: 4.963 Thread 0x00000000031ee800 Uncommon trap: reason=unstable_if action=reinterpret pc=0x0000000003a52530 method=java.util.regex.Pattern.sequence(Ljava/util/regex/Pattern$Node;)Ljava/util/regex/Pattern$Node; @ 151
Event: 4.968 Thread 0x00000000031ee800 Uncommon trap: reason=unstable_if action=reinterpret pc=0x0000000003825784 method=java.util.ArrayList.remove(Ljava/lang/Object;)Z @ 46
Event: 7.521 Thread 0x00000000031ee800 Uncommon trap: reason=range_check action=make_not_entrant pc=0x0000000003d39c68 method=java.lang.String.charAt(I)C @ 27
Event: 7.610 Thread 0x00000000031ee800 Uncommon trap: reason=unstable_if action=reinterpret pc=0x0000000003bfe45c method=java.util.jar.Manifest$FastInputStream.readLine([BII)I @ 87

Classes redefined (0 events):
No events

Internal exceptions (10 events):
Event: 2.133 Thread 0x00000000031ee800 Implicit null exception at 0x00000000033bfd9b to 0x00000000033bff8d
Event: 2.770 Thread 0x00000000031ee800 Implicit null exception at 0x00000000035a6f15 to 0x00000000035a7119
Event: 2.770 Thread 0x00000000031ee800 Implicit null exception at 0x00000000034e4b2f to 0x00000000034e4b99
Event: 2.928 Thread 0x00000000031ee800 Implicit null exception at 0x00000000037c02bc to 0x00000000037c1481
Event: 3.673 Thread 0x00000000031ee800 Implicit null exception at 0x000000000357613b to 0x000000000357671d
Event: 4.139 Thread 0x00000000031ee800 Implicit null exception at 0x0000000003a4bcd0 to 0x0000000003a4df01
Event: 4.909 Thread 0x00000000031ee800 Exception <a 'java/lang/NoClassDefFoundError': org/slf4j/Logger> (0x000000076d5cb420) thrown at [C:\re\workspace\8-2-build-windows-amd64-cygwin\jdk8u171\10807\hotspot\src\share\vm\oops\constantPool.cpp, line 235]
Event: 5.565 Thread 0x00000000031ee800 Exception <a 'java/lang/NoClassDefFoundError': org/slf4j/Logger> (0x000000076dfb2020) thrown at [C:\re\workspace\8-2-build-windows-amd64-cygwin\jdk8u171\10807\hotspot\src\share\vm\oops\constantPool.cpp, line 235]
Event: 5.785 Thread 0x00000000031ee800 Exception <a 'java/lang/NoClassDefFoundError': org/slf4j/Logger> (0x000000076f298e68) thrown at [C:\re\workspace\8-2-build-windows-amd64-cygwin\jdk8u171\10807\hotspot\src\share\vm\oops\constantPool.cpp, line 235]
Event: 7.129 Thread 0x00000000031ee800 Exception <a 'java/lang/ClassNotFoundException': com/sun/tools/javac/api/JavacTool> (0x000000076c62ae08) thrown at [C:\re\workspace\8-2-build-windows-amd64-cygwin\jdk8u171\10807\hotspot\src\share\vm\classfile\systemDictionary.cpp, line 210]

Events (10 events):
Event: 7.521 Thread 0x00000000031ee800 Uncommon trap: trap_request=0xffffffe4 fr.pc=0x0000000003d39c68
Event: 7.521 Thread 0x00000000031ee800 DEOPT PACKING pc=0x0000000003d39c68 sp=0x00000000015ddd70
Event: 7.521 Thread 0x00000000031ee800 DEOPT UNPACKING pc=0x000000000323583b sp=0x00000000015ddca0 mode 2
Event: 7.521 loading class com/sun/tools/javac/util/ListBuffer$1
Event: 7.521 loading class com/sun/tools/javac/util/ListBuffer$1 done
Event: 7.536 loading class com/sun/tools/javac/util/StringUtils
Event: 7.536 loading class com/sun/tools/javac/util/StringUtils done
Event: 7.610 Thread 0x00000000031ee800 Uncommon trap: trap_request=0xffffff65 fr.pc=0x0000000003bfe45c
Event: 7.610 Thread 0x00000000031ee800 DEOPT PACKING pc=0x0000000003bfe45c sp=0x00000000015dd770
Event: 7.610 Thread 0x00000000031ee800 DEOPT UNPACKING pc=0x000000000323583b sp=0x00000000015dd710 mode 2


Dynamic libraries:
0x00007ff687f30000 - 0x00007ff687f67000 	C:\Program Files\Java\jdk1.8.0_171\bin\java.exe
0x00007ffaba990000 - 0x00007ffabab71000 	C:\Windows\SYSTEM32\ntdll.dll
0x00007ffa9fe50000 - 0x00007ffa9fe84000 	C:\Program Files\AVAST Software\Avast\x64\aswhooka.dll
0x00007ffab8330000 - 0x00007ffab83e2000 	C:\Windows\System32\KERNEL32.DLL
0x00007ffab7060000 - 0x00007ffab72d3000 	C:\Windows\System32\KERNELBASE.dll
0x00007ffab89d0000 - 0x00007ffab8a71000 	C:\Windows\System32\ADVAPI32.dll
0x00007ffab7e30000 - 0x00007ffab7ece000 	C:\Windows\System32\msvcrt.dll
0x00007ffaba380000 - 0x00007ffaba3db000 	C:\Windows\System32\sechost.dll
0x00007ffab9ef0000 - 0x00007ffaba014000 	C:\Windows\System32\RPCRT4.dll
0x00007ffaba3e0000 - 0x00007ffaba570000 	C:\Windows\System32\USER32.dll
0x00007ffab7d10000 - 0x00007ffab7d30000 	C:\Windows\System32\win32u.dll
0x00007ffab8a80000 - 0x00007ffab8aa8000 	C:\Windows\System32\GDI32.dll
0x00007ffab79f0000 - 0x00007ffab7b82000 	C:\Windows\System32\gdi32full.dll
0x00007ffab7d30000 - 0x00007ffab7dcf000 	C:\Windows\System32\msvcp_win.dll
0x00007ffab7c10000 - 0x00007ffab7d0a000 	C:\Windows\System32\ucrtbase.dll
0x00007ffaa5950000 - 0x00007ffaa5bb9000 	C:\Windows\WinSxS\amd64_microsoft.windows.common-controls_6595b64144ccf1df_6.0.17133.1_none_e4d992df105abfa4\COMCTL32.dll
0x00007ffaba5d0000 - 0x00007ffaba8f3000 	C:\Windows\System32\combase.dll
0x00007ffab7b90000 - 0x00007ffab7c0a000 	C:\Windows\System32\bcryptPrimitives.dll
0x00007ffab84a0000 - 0x00007ffab84cd000 	C:\Windows\System32\IMM32.DLL
0x000000006d9f0000 - 0x000000006dac2000 	C:\Program Files\Java\jdk1.8.0_171\jre\bin\msvcr100.dll
0x000000006c580000 - 0x000000006ce20000 	C:\Program Files\Java\jdk1.8.0_171\jre\bin\server\jvm.dll
0x00007ffab7e20000 - 0x00007ffab7e28000 	C:\Windows\System32\PSAPI.DLL
0x00007ffaa4fa0000 - 0x00007ffaa4fa9000 	C:\Windows\SYSTEM32\WSOCK32.dll
0x00007ffab81d0000 - 0x00007ffab823c000 	C:\Windows\System32\WS2_32.dll
0x00007ffab4680000 - 0x00007ffab46a3000 	C:\Windows\SYSTEM32\WINMM.dll
0x00007ffaa81e0000 - 0x00007ffaa81ea000 	C:\Windows\SYSTEM32\VERSION.dll
0x00007ffab4650000 - 0x00007ffab467a000 	C:\Windows\SYSTEM32\WINMMBASE.dll
0x00007ffab7dd0000 - 0x00007ffab7e19000 	C:\Windows\System32\cfgmgr32.dll
0x000000006dde0000 - 0x000000006ddef000 	C:\Program Files\Java\jdk1.8.0_171\jre\bin\verify.dll
0x000000006d9c0000 - 0x000000006d9e9000 	C:\Program Files\Java\jdk1.8.0_171\jre\bin\java.dll
0x000000006d9a0000 - 0x000000006d9b6000 	C:\Program Files\Java\jdk1.8.0_171\jre\bin\zip.dll
0x00007ffab8ab0000 - 0x00007ffab9ef0000 	C:\Windows\System32\SHELL32.dll
0x00007ffab8120000 - 0x00007ffab81c9000 	C:\Windows\System32\shcore.dll
0x00007ffab72e0000 - 0x00007ffab79ed000 	C:\Windows\System32\windows.storage.dll
0x00007ffaba570000 - 0x00007ffaba5c1000 	C:\Windows\System32\shlwapi.dll
0x00007ffab6ca0000 - 0x00007ffab6cb1000 	C:\Windows\System32\kernel.appcore.dll
0x00007ffab6d40000 - 0x00007ffab6d5f000 	C:\Windows\System32\profapi.dll
0x00007ffab6ce0000 - 0x00007ffab6d2c000 	C:\Windows\System32\powrprof.dll
0x00007ffab6d30000 - 0x00007ffab6d3a000 	C:\Windows\System32\FLTLIB.DLL
0x000000006d980000 - 0x000000006d99a000 	C:\Program Files\Java\jdk1.8.0_171\jre\bin\net.dll
0x00007ffab6160000 - 0x00007ffab61c6000 	C:\Windows\system32\mswsock.dll
0x000000006c560000 - 0x000000006c571000 	C:\Program Files\Java\jdk1.8.0_171\jre\bin\nio.dll

VM Arguments:
jvm_args: -Dclassworlds.conf=F:\Arquivos de Programas\NetBeans 8.2\java\maven\bin\m2.conf -Dmaven.home=F:\Arquivos de Programas\NetBeans 8.2\java\maven 
java_command: org.codehaus.plexus.classworlds.launcher.Launcher -Dnetbeans.deploy.debugmode=true -Dnetbeans.deploy=true -Dmaven.ext.class.path=F:\Arquivos de Programas\NetBeans 8.2\java\maven-nblib\netbeans-eventspy.jar -Dfile.encoding=UTF-8 package
java_class_path (initial): F:\Arquivos de Programas\NetBeans 8.2\java\maven\boot\plexus-classworlds-2.4.jar
Launcher Type: SUN_STANDARD

Environment Variables:
JAVA_HOME=C:\Program Files\Java\jdk1.8.0_171
PATH=F:\app\product\11.2.0\client_2\bin;C:\Windows\system32;C:\Windows;C:\Windows\System32\Wbem;C:\Windows\System32\WindowsPowerShell\v1.0\;C:\Windows\System32\OpenSSH\;C:\Program Files (x86)\Intel\OpenCL SDK\2.0\bin\x86;C:\Program Files (x86)\Intel\OpenCL SDK\2.0\bin\x64;F:\Arquivos de Programas\nodejs\;C:\Program Files\Git\cmd;F:\Users\Bruno\AppData\Local\Programs\Python\Python36-32\Scripts\;F:\Users\Bruno\AppData\Local\Programs\Python\Python36-32\;F:\Users\Bruno\AppData\Local\Microsoft\WindowsApps;C:\Users\Bruno\AppData\Roaming\npm
USERNAME=Bruno
OS=Windows_NT
PROCESSOR_IDENTIFIER=Intel64 Family 6 Model 42 Stepping 7, GenuineIntel



---------------  S Y S T E M  ---------------

OS: Windows 10.0 , 64 bit Build 17133 (10.0.17133.1)

CPU:total 4 (initial active 4) (4 cores per cpu, 1 threads per core) family 6 model 42 stepping 7, cmov, cx8, fxsr, mmx, sse, sse2, sse3, ssse3, sse4.1, sse4.2, popcnt, avx, aes, clmul, tsc, tscinvbit

Memory: 4k page, physical 16616136k(1021548k free), swap 32174916k(2876k free)

vm_info: Java HotSpot(TM) 64-Bit Server VM (25.171-b11) for windows-amd64 JRE (1.8.0_171-b11), built on Mar 28 2018 16:06:12 by "java_re" with MS VC++ 10.0 (VS2010)

time: Mon Sep 24 15:22:42 2018
elapsed time: 7 seconds (0d 0h 0m 7s)

