#
# There is insufficient memory for the Java Runtime Environment to continue.
# Native memory allocation (malloc) failed to allocate 1048576 bytes for AllocateHeap
# Possible reasons:
#   The system is out of physical RAM or swap space
#   In 32 bit mode, the process size limit was hit
# Possible solutions:
#   Reduce memory load on the system
#   Increase physical memory or swap space
#   Check if swap backing store is full
#   Use 64 bit Java on a 64 bit OS
#   Decrease Java heap size (-Xmx/-Xms)
#   Decrease number of Java threads
#   Decrease Java thread stack sizes (-Xss)
#   Set larger code cache with -XX:ReservedCodeCacheSize=
# This output file may be truncated or incomplete.
#
#  Out of Memory Error (memory/allocation.inline.hpp:61), pid=11284, tid=0x0000000000004f0c
#
# JRE version:  (8.0_171-b11) (build )
# Java VM: Java HotSpot(TM) 64-Bit Server VM (25.171-b11 mixed mode windows-amd64 compressed oops)
# Failed to write core dump. Minidumps are not enabled by default on client versions of Windows
#

---------------  T H R E A D  ---------------

Current thread (0x0000000002b4e800):  JavaThread "Unknown thread" [_thread_in_vm, id=20236, stack(0x00000000027a0000,0x00000000028a0000)]

Stack: [0x00000000027a0000,0x00000000028a0000]
[error occurred during error reporting (printing stack bounds), id 0xc0000005]

Native frames: (J=compiled Java code, j=interpreted, Vv=VM code, C=native code)


---------------  P R O C E S S  ---------------

Java Threads: ( => current thread )

Other Threads:

=>0x0000000002b4e800 (exited) JavaThread "Unknown thread" [_thread_in_vm, id=20236, stack(0x00000000027a0000,0x00000000028a0000)]

VM state:not at safepoint (normal execution)

VM Mutex/Monitor currently owned by a thread: None

Heap:
 PSYoungGen      total 75776K, used 1300K [0x000000076b780000, 0x0000000770c00000, 0x00000007c0000000)
  eden space 65024K, 2% used [0x000000076b780000,0x000000076b8c51f8,0x000000076f700000)
  from space 10752K, 0% used [0x0000000770180000,0x0000000770180000,0x0000000770c00000)
  to   space 10752K, 0% used [0x000000076f700000,0x000000076f700000,0x0000000770180000)
 ParOldGen       total 173568K, used 0K [0x00000006c2600000, 0x00000006ccf80000, 0x000000076b780000)
  object space 173568K, 0% used [0x00000006c2600000,0x00000006c2600000,0x00000006ccf80000)
 Metaspace       used 774K, capacity 4480K, committed 4480K, reserved 1056768K
  class space    used 76K, capacity 384K, committed 384K, reserved 1048576K

Card table byte_map: [0x0000000011f10000,0x0000000012700000] byte_map_base: 0x000000000e8fd000

Marking Bits: (ParMarkBitMap*) 0x000000006cda08c0
 Begin Bits: [0x0000000013050000, 0x0000000016fb8000)
 End Bits:   [0x0000000016fb8000, 0x000000001af20000)

Polling page: 0x0000000000e40000

CodeCache: size=245760Kb used=328Kb max_used=328Kb free=245431Kb
 bounds [0x0000000002b50000, 0x0000000002dc0000, 0x0000000011b50000]
 total_blobs=58 nmethods=0 adapters=38
 compilation: enabled

Compilation events (0 events):
No events

GC Heap History (0 events):
No events

Deoptimization events (0 events):
No events

Classes redefined (0 events):
No events

Internal exceptions (0 events):
No events

Events (10 events):
Event: 0.047 loading class java/lang/Short
Event: 0.047 loading class java/lang/Short done
Event: 0.047 loading class java/lang/Integer
Event: 0.047 loading class java/lang/Integer done
Event: 0.047 loading class java/lang/Long
Event: 0.048 loading class java/lang/Long done
Event: 0.048 loading class java/lang/NullPointerException
Event: 0.048 loading class java/lang/NullPointerException done
Event: 0.048 loading class java/lang/ArithmeticException
Event: 0.048 loading class java/lang/ArithmeticException done


Dynamic libraries:
0x00007ff687f30000 - 0x00007ff687f67000 	C:\Program Files\Java\jdk1.8.0_171\bin\java.exe
0x00007ffaba990000 - 0x00007ffabab71000 	C:\Windows\SYSTEM32\ntdll.dll
0x00007ffa9fe50000 - 0x00007ffa9fe84000 	C:\Program Files\AVAST Software\Avast\x64\aswhooka.dll
0x00007ffab8330000 - 0x00007ffab83e2000 	C:\Windows\System32\KERNEL32.DLL
0x00007ffab7060000 - 0x00007ffab72d3000 	C:\Windows\System32\KERNELBASE.dll
0x00007ffab89d0000 - 0x00007ffab8a71000 	C:\Windows\System32\ADVAPI32.dll
0x00007ffab7e30000 - 0x00007ffab7ece000 	C:\Windows\System32\msvcrt.dll
0x00007ffaba380000 - 0x00007ffaba3db000 	C:\Windows\System32\sechost.dll
0x00007ffab9ef0000 - 0x00007ffaba014000 	C:\Windows\System32\RPCRT4.dll
0x00007ffaba3e0000 - 0x00007ffaba570000 	C:\Windows\System32\USER32.dll
0x00007ffab7d10000 - 0x00007ffab7d30000 	C:\Windows\System32\win32u.dll
0x00007ffab8a80000 - 0x00007ffab8aa8000 	C:\Windows\System32\GDI32.dll
0x00007ffab79f0000 - 0x00007ffab7b82000 	C:\Windows\System32\gdi32full.dll
0x00007ffab7d30000 - 0x00007ffab7dcf000 	C:\Windows\System32\msvcp_win.dll
0x00007ffab7c10000 - 0x00007ffab7d0a000 	C:\Windows\System32\ucrtbase.dll
0x00007ffaa5950000 - 0x00007ffaa5bb9000 	C:\Windows\WinSxS\amd64_microsoft.windows.common-controls_6595b64144ccf1df_6.0.17133.1_none_e4d992df105abfa4\COMCTL32.dll
0x00007ffaba5d0000 - 0x00007ffaba8f3000 	C:\Windows\System32\combase.dll
0x00007ffab7b90000 - 0x00007ffab7c0a000 	C:\Windows\System32\bcryptPrimitives.dll
0x00007ffab84a0000 - 0x00007ffab84cd000 	C:\Windows\System32\IMM32.DLL
0x000000006d9f0000 - 0x000000006dac2000 	C:\Program Files\Java\jdk1.8.0_171\jre\bin\msvcr100.dll
0x000000006c580000 - 0x000000006ce20000 	C:\Program Files\Java\jdk1.8.0_171\jre\bin\server\jvm.dll
0x00007ffab7e20000 - 0x00007ffab7e28000 	C:\Windows\System32\PSAPI.DLL
0x00007ffaa4fa0000 - 0x00007ffaa4fa9000 	C:\Windows\SYSTEM32\WSOCK32.dll
0x00007ffab81d0000 - 0x00007ffab823c000 	C:\Windows\System32\WS2_32.dll
0x00007ffab4680000 - 0x00007ffab46a3000 	C:\Windows\SYSTEM32\WINMM.dll
0x00007ffaa81e0000 - 0x00007ffaa81ea000 	C:\Windows\SYSTEM32\VERSION.dll
0x00007ffab4650000 - 0x00007ffab467a000 	C:\Windows\SYSTEM32\WINMMBASE.dll
0x00007ffab7dd0000 - 0x00007ffab7e19000 	C:\Windows\System32\cfgmgr32.dll
0x000000006dde0000 - 0x000000006ddef000 	C:\Program Files\Java\jdk1.8.0_171\jre\bin\verify.dll
0x000000006d9c0000 - 0x000000006d9e9000 	C:\Program Files\Java\jdk1.8.0_171\jre\bin\java.dll
0x000000006d9a0000 - 0x000000006d9b6000 	C:\Program Files\Java\jdk1.8.0_171\jre\bin\zip.dll

VM Arguments:
jvm_args: -Dclassworlds.conf=F:\Arquivos de Programas\NetBeans 8.2\java\maven\bin\m2.conf -Dmaven.home=F:\Arquivos de Programas\NetBeans 8.2\java\maven 
java_command: org.codehaus.plexus.classworlds.launcher.Launcher -Dnetbeans.deploy.debugmode=true -Dnetbeans.deploy=true -Dmaven.ext.class.path=F:\Arquivos de Programas\NetBeans 8.2\java\maven-nblib\netbeans-eventspy.jar -Dfile.encoding=UTF-8 package
java_class_path (initial): F:\Arquivos de Programas\NetBeans 8.2\java\maven\boot\plexus-classworlds-2.4.jar
Launcher Type: SUN_STANDARD

Environment Variables:
JAVA_HOME=C:\Program Files\Java\jdk1.8.0_171
PATH=F:\app\product\11.2.0\client_2\bin;C:\Windows\system32;C:\Windows;C:\Windows\System32\Wbem;C:\Windows\System32\WindowsPowerShell\v1.0\;C:\Windows\System32\OpenSSH\;C:\Program Files (x86)\Intel\OpenCL SDK\2.0\bin\x86;C:\Program Files (x86)\Intel\OpenCL SDK\2.0\bin\x64;F:\Arquivos de Programas\nodejs\;C:\Program Files\Git\cmd;F:\Users\Bruno\AppData\Local\Programs\Python\Python36-32\Scripts\;F:\Users\Bruno\AppData\Local\Programs\Python\Python36-32\;F:\Users\Bruno\AppData\Local\Microsoft\WindowsApps;C:\Users\Bruno\AppData\Roaming\npm
USERNAME=Bruno
OS=Windows_NT
PROCESSOR_IDENTIFIER=Intel64 Family 6 Model 42 Stepping 7, GenuineIntel



---------------  S Y S T E M  ---------------

OS: Windows 10.0 , 64 bit Build 17133 (10.0.17133.1)

CPU:total 4 (initial active 4) (4 cores per cpu, 1 threads per core) family 6 model 42 stepping 7, cmov, cx8, fxsr, mmx, sse, sse2, sse3, ssse3, sse4.1, sse4.2, popcnt, avx, aes, clmul, tsc, tscinvbit

Memory: 4k page, physical 16616136k(1066824k free), swap 32174916k(4768k free)

vm_info: Java HotSpot(TM) 64-Bit Server VM (25.171-b11) for windows-amd64 JRE (1.8.0_171-b11), built on Mar 28 2018 16:06:12 by "java_re" with MS VC++ 10.0 (VS2010)

time: Mon Sep 24 15:21:23 2018
elapsed time: 0 seconds (0d 0h 0m 0s)

